2024-11-15 22:15:50,284 [Worker-4: Loading available Gradle versions] INFO  o.e.b.c.i.u.g.PublishedGradleVersions - Gradle version information cache is up-to-date. Trying to read.
2024-11-15 22:17:17,314 [Worker-11: Launching mavenrun-7145ac47-a02b-4628-a1e4-46e70fad2b43] INFO  o.eclipse.m2e.core.internal.Bundles - getClasspathEntries(Bundle=org.eclipse.m2e.maven.runtime_3.9.700.20240602-2313 [645])
2024-11-15 22:17:17,317 [Worker-11: Launching mavenrun-7145ac47-a02b-4628-a1e4-46e70fad2b43] INFO  o.eclipse.m2e.core.internal.Bundles - 	Entry: E:\eclipse\plugins\org.eclipse.m2e.maven.runtime_3.9.700.20240602-2313
2024-11-15 22:17:17,318 [Worker-11: Launching mavenrun-7145ac47-a02b-4628-a1e4-46e70fad2b43] INFO  o.eclipse.m2e.core.internal.Bundles - 	Entry: E:\eclipse\plugins\org.eclipse.m2e.maven.runtime_3.9.700.20240602-2313\jars\aopalliance-1.0.jar
2024-11-15 22:17:17,318 [Worker-11: Launching mavenrun-7145ac47-a02b-4628-a1e4-46e70fad2b43] INFO  o.eclipse.m2e.core.internal.Bundles - 	Entry: E:\eclipse\plugins\org.eclipse.m2e.maven.runtime_3.9.700.20240602-2313\jars\guice-5.1.0.jar
2024-11-15 22:17:17,318 [Worker-11: Launching mavenrun-7145ac47-a02b-4628-a1e4-46e70fad2b43] INFO  o.eclipse.m2e.core.internal.Bundles - 	Entry: E:\eclipse\plugins\org.eclipse.m2e.maven.runtime_3.9.700.20240602-2313\jars\httpclient-4.5.14.jar
2024-11-15 22:17:17,318 [Worker-11: Launching mavenrun-7145ac47-a02b-4628-a1e4-46e70fad2b43] INFO  o.eclipse.m2e.core.internal.Bundles - 	Entry: E:\eclipse\plugins\org.eclipse.m2e.maven.runtime_3.9.700.20240602-2313\jars\httpcore-4.4.16.jar
2024-11-15 22:17:17,318 [Worker-11: Launching mavenrun-7145ac47-a02b-4628-a1e4-46e70fad2b43] INFO  o.eclipse.m2e.core.internal.Bundles - 	Entry: E:\eclipse\plugins\org.eclipse.m2e.maven.runtime_3.9.700.20240602-2313\jars\jansi-2.4.1.jar
2024-11-15 22:17:17,318 [Worker-11: Launching mavenrun-7145ac47-a02b-4628-a1e4-46e70fad2b43] INFO  o.eclipse.m2e.core.internal.Bundles - 	Entry: E:\eclipse\plugins\org.eclipse.m2e.maven.runtime_3.9.700.20240602-2313\jars\jcl-over-slf4j-1.7.36.jar
2024-11-15 22:17:17,318 [Worker-11: Launching mavenrun-7145ac47-a02b-4628-a1e4-46e70fad2b43] INFO  o.eclipse.m2e.core.internal.Bundles - 	Entry: E:\eclipse\plugins\org.eclipse.m2e.maven.runtime_3.9.700.20240602-2313\jars\maven-artifact-3.9.7.jar
2024-11-15 22:17:17,318 [Worker-11: Launching mavenrun-7145ac47-a02b-4628-a1e4-46e70fad2b43] INFO  o.eclipse.m2e.core.internal.Bundles - 	Entry: E:\eclipse\plugins\org.eclipse.m2e.maven.runtime_3.9.700.20240602-2313\jars\maven-builder-support-3.9.7.jar
2024-11-15 22:17:17,318 [Worker-11: Launching mavenrun-7145ac47-a02b-4628-a1e4-46e70fad2b43] INFO  o.eclipse.m2e.core.internal.Bundles - 	Entry: E:\eclipse\plugins\org.eclipse.m2e.maven.runtime_3.9.700.20240602-2313\jars\maven-compat-3.9.7.jar
2024-11-15 22:17:17,318 [Worker-11: Launching mavenrun-7145ac47-a02b-4628-a1e4-46e70fad2b43] INFO  o.eclipse.m2e.core.internal.Bundles - 	Entry: E:\eclipse\plugins\org.eclipse.m2e.maven.runtime_3.9.700.20240602-2313\jars\maven-core-3.9.7.jar
2024-11-15 22:17:17,319 [Worker-11: Launching mavenrun-7145ac47-a02b-4628-a1e4-46e70fad2b43] INFO  o.eclipse.m2e.core.internal.Bundles - 	Entry: E:\eclipse\plugins\org.eclipse.m2e.maven.runtime_3.9.700.20240602-2313\jars\maven-embedder-3.9.7.jar
2024-11-15 22:17:17,319 [Worker-11: Launching mavenrun-7145ac47-a02b-4628-a1e4-46e70fad2b43] INFO  o.eclipse.m2e.core.internal.Bundles - 	Entry: E:\eclipse\plugins\org.eclipse.m2e.maven.runtime_3.9.700.20240602-2313\jars\maven-model-3.9.7.jar
2024-11-15 22:17:17,319 [Worker-11: Launching mavenrun-7145ac47-a02b-4628-a1e4-46e70fad2b43] INFO  o.eclipse.m2e.core.internal.Bundles - 	Entry: E:\eclipse\plugins\org.eclipse.m2e.maven.runtime_3.9.700.20240602-2313\jars\maven-model-builder-3.9.7.jar
2024-11-15 22:17:17,319 [Worker-11: Launching mavenrun-7145ac47-a02b-4628-a1e4-46e70fad2b43] INFO  o.eclipse.m2e.core.internal.Bundles - 	Entry: E:\eclipse\plugins\org.eclipse.m2e.maven.runtime_3.9.700.20240602-2313\jars\maven-plugin-api-3.9.7.jar
2024-11-15 22:17:17,319 [Worker-11: Launching mavenrun-7145ac47-a02b-4628-a1e4-46e70fad2b43] INFO  o.eclipse.m2e.core.internal.Bundles - 	Entry: E:\eclipse\plugins\org.eclipse.m2e.maven.runtime_3.9.700.20240602-2313\jars\maven-repository-metadata-3.9.7.jar
2024-11-15 22:17:17,319 [Worker-11: Launching mavenrun-7145ac47-a02b-4628-a1e4-46e70fad2b43] INFO  o.eclipse.m2e.core.internal.Bundles - 	Entry: E:\eclipse\plugins\org.eclipse.m2e.maven.runtime_3.9.700.20240602-2313\jars\maven-resolver-api-1.9.20.jar
2024-11-15 22:17:17,319 [Worker-11: Launching mavenrun-7145ac47-a02b-4628-a1e4-46e70fad2b43] INFO  o.eclipse.m2e.core.internal.Bundles - 	Entry: E:\eclipse\plugins\org.eclipse.m2e.maven.runtime_3.9.700.20240602-2313\jars\maven-resolver-connector-basic-1.9.20.jar
2024-11-15 22:17:17,319 [Worker-11: Launching mavenrun-7145ac47-a02b-4628-a1e4-46e70fad2b43] INFO  o.eclipse.m2e.core.internal.Bundles - 	Entry: E:\eclipse\plugins\org.eclipse.m2e.maven.runtime_3.9.700.20240602-2313\jars\maven-resolver-impl-1.9.20.jar
2024-11-15 22:17:17,319 [Worker-11: Launching mavenrun-7145ac47-a02b-4628-a1e4-46e70fad2b43] INFO  o.eclipse.m2e.core.internal.Bundles - 	Entry: E:\eclipse\plugins\org.eclipse.m2e.maven.runtime_3.9.700.20240602-2313\jars\maven-resolver-named-locks-1.9.20.jar
2024-11-15 22:17:17,319 [Worker-11: Launching mavenrun-7145ac47-a02b-4628-a1e4-46e70fad2b43] INFO  o.eclipse.m2e.core.internal.Bundles - 	Entry: E:\eclipse\plugins\org.eclipse.m2e.maven.runtime_3.9.700.20240602-2313\jars\maven-resolver-provider-3.9.7.jar
2024-11-15 22:17:17,319 [Worker-11: Launching mavenrun-7145ac47-a02b-4628-a1e4-46e70fad2b43] INFO  o.eclipse.m2e.core.internal.Bundles - 	Entry: E:\eclipse\plugins\org.eclipse.m2e.maven.runtime_3.9.700.20240602-2313\jars\maven-resolver-spi-1.9.20.jar
2024-11-15 22:17:17,319 [Worker-11: Launching mavenrun-7145ac47-a02b-4628-a1e4-46e70fad2b43] INFO  o.eclipse.m2e.core.internal.Bundles - 	Entry: E:\eclipse\plugins\org.eclipse.m2e.maven.runtime_3.9.700.20240602-2313\jars\maven-resolver-transport-file-1.9.20.jar
2024-11-15 22:17:17,319 [Worker-11: Launching mavenrun-7145ac47-a02b-4628-a1e4-46e70fad2b43] INFO  o.eclipse.m2e.core.internal.Bundles - 	Entry: E:\eclipse\plugins\org.eclipse.m2e.maven.runtime_3.9.700.20240602-2313\jars\maven-resolver-transport-http-1.9.20.jar
2024-11-15 22:17:17,319 [Worker-11: Launching mavenrun-7145ac47-a02b-4628-a1e4-46e70fad2b43] INFO  o.eclipse.m2e.core.internal.Bundles - 	Entry: E:\eclipse\plugins\org.eclipse.m2e.maven.runtime_3.9.700.20240602-2313\jars\maven-resolver-transport-wagon-1.9.20.jar
2024-11-15 22:17:17,320 [Worker-11: Launching mavenrun-7145ac47-a02b-4628-a1e4-46e70fad2b43] INFO  o.eclipse.m2e.core.internal.Bundles - 	Entry: E:\eclipse\plugins\org.eclipse.m2e.maven.runtime_3.9.700.20240602-2313\jars\maven-resolver-util-1.9.20.jar
2024-11-15 22:17:17,320 [Worker-11: Launching mavenrun-7145ac47-a02b-4628-a1e4-46e70fad2b43] INFO  o.eclipse.m2e.core.internal.Bundles - 	Entry: E:\eclipse\plugins\org.eclipse.m2e.maven.runtime_3.9.700.20240602-2313\jars\maven-settings-3.9.7.jar
2024-11-15 22:17:17,320 [Worker-11: Launching mavenrun-7145ac47-a02b-4628-a1e4-46e70fad2b43] INFO  o.eclipse.m2e.core.internal.Bundles - 	Entry: E:\eclipse\plugins\org.eclipse.m2e.maven.runtime_3.9.700.20240602-2313\jars\maven-settings-builder-3.9.7.jar
2024-11-15 22:17:17,320 [Worker-11: Launching mavenrun-7145ac47-a02b-4628-a1e4-46e70fad2b43] INFO  o.eclipse.m2e.core.internal.Bundles - 	Entry: E:\eclipse\plugins\org.eclipse.m2e.maven.runtime_3.9.700.20240602-2313\jars\maven-shared-utils-3.4.2.jar
2024-11-15 22:17:17,320 [Worker-11: Launching mavenrun-7145ac47-a02b-4628-a1e4-46e70fad2b43] INFO  o.eclipse.m2e.core.internal.Bundles - 	Entry: E:\eclipse\plugins\org.eclipse.m2e.maven.runtime_3.9.700.20240602-2313\jars\org.eclipse.sisu.inject-0.9.0.M2.jar
2024-11-15 22:17:17,320 [Worker-11: Launching mavenrun-7145ac47-a02b-4628-a1e4-46e70fad2b43] INFO  o.eclipse.m2e.core.internal.Bundles - 	Entry: E:\eclipse\plugins\org.eclipse.m2e.maven.runtime_3.9.700.20240602-2313\jars\org.eclipse.sisu.plexus-0.9.0.M2.jar
2024-11-15 22:17:17,320 [Worker-11: Launching mavenrun-7145ac47-a02b-4628-a1e4-46e70fad2b43] INFO  o.eclipse.m2e.core.internal.Bundles - 	Entry: E:\eclipse\plugins\org.eclipse.m2e.maven.runtime_3.9.700.20240602-2313\jars\plexus-build-api-0.0.7.jar
2024-11-15 22:17:17,320 [Worker-11: Launching mavenrun-7145ac47-a02b-4628-a1e4-46e70fad2b43] INFO  o.eclipse.m2e.core.internal.Bundles - 	Entry: E:\eclipse\plugins\org.eclipse.m2e.maven.runtime_3.9.700.20240602-2313\jars\plexus-build-api-1.2.0.jar
2024-11-15 22:17:17,320 [Worker-11: Launching mavenrun-7145ac47-a02b-4628-a1e4-46e70fad2b43] INFO  o.eclipse.m2e.core.internal.Bundles - 	Entry: E:\eclipse\plugins\org.eclipse.m2e.maven.runtime_3.9.700.20240602-2313\jars\plexus-cipher-2.0.jar
2024-11-15 22:17:17,320 [Worker-11: Launching mavenrun-7145ac47-a02b-4628-a1e4-46e70fad2b43] INFO  o.eclipse.m2e.core.internal.Bundles - 	Entry: E:\eclipse\plugins\org.eclipse.m2e.maven.runtime_3.9.700.20240602-2313\jars\plexus-classworlds-2.8.0.jar
2024-11-15 22:17:17,320 [Worker-11: Launching mavenrun-7145ac47-a02b-4628-a1e4-46e70fad2b43] INFO  o.eclipse.m2e.core.internal.Bundles - 	Entry: E:\eclipse\plugins\org.eclipse.m2e.maven.runtime_3.9.700.20240602-2313\jars\plexus-component-annotations-2.1.0.jar
2024-11-15 22:17:17,320 [Worker-11: Launching mavenrun-7145ac47-a02b-4628-a1e4-46e70fad2b43] INFO  o.eclipse.m2e.core.internal.Bundles - 	Entry: E:\eclipse\plugins\org.eclipse.m2e.maven.runtime_3.9.700.20240602-2313\jars\plexus-interpolation-1.27.jar
2024-11-15 22:17:17,320 [Worker-11: Launching mavenrun-7145ac47-a02b-4628-a1e4-46e70fad2b43] INFO  o.eclipse.m2e.core.internal.Bundles - 	Entry: E:\eclipse\plugins\org.eclipse.m2e.maven.runtime_3.9.700.20240602-2313\jars\plexus-sec-dispatcher-2.0.jar
2024-11-15 22:17:17,320 [Worker-11: Launching mavenrun-7145ac47-a02b-4628-a1e4-46e70fad2b43] INFO  o.eclipse.m2e.core.internal.Bundles - 	Entry: E:\eclipse\plugins\org.eclipse.m2e.maven.runtime_3.9.700.20240602-2313\jars\plexus-utils-3.5.1.jar
2024-11-15 22:17:17,321 [Worker-11: Launching mavenrun-7145ac47-a02b-4628-a1e4-46e70fad2b43] INFO  o.eclipse.m2e.core.internal.Bundles - 	Entry: E:\eclipse\plugins\org.eclipse.m2e.maven.runtime_3.9.700.20240602-2313\jars\wagon-file-3.5.3.jar
2024-11-15 22:17:17,321 [Worker-11: Launching mavenrun-7145ac47-a02b-4628-a1e4-46e70fad2b43] INFO  o.eclipse.m2e.core.internal.Bundles - 	Entry: E:\eclipse\plugins\org.eclipse.m2e.maven.runtime_3.9.700.20240602-2313\jars\wagon-http-3.5.3.jar
2024-11-15 22:17:17,321 [Worker-11: Launching mavenrun-7145ac47-a02b-4628-a1e4-46e70fad2b43] INFO  o.eclipse.m2e.core.internal.Bundles - 	Entry: E:\eclipse\plugins\org.eclipse.m2e.maven.runtime_3.9.700.20240602-2313\jars\wagon-http-shared-3.5.3.jar
2024-11-15 22:17:17,321 [Worker-11: Launching mavenrun-7145ac47-a02b-4628-a1e4-46e70fad2b43] INFO  o.eclipse.m2e.core.internal.Bundles - 	Entry: E:\eclipse\plugins\org.eclipse.m2e.maven.runtime_3.9.700.20240602-2313\jars\wagon-provider-api-3.5.3.jar
2024-11-15 22:17:17,323 [Worker-11: Launching mavenrun-7145ac47-a02b-4628-a1e4-46e70fad2b43] INFO  o.eclipse.m2e.core.internal.Bundles - getClasspathEntries(Bundle=com.google.guava_33.2.0.jre [16])
2024-11-15 22:17:17,323 [Worker-11: Launching mavenrun-7145ac47-a02b-4628-a1e4-46e70fad2b43] INFO  o.eclipse.m2e.core.internal.Bundles - 	Entry: E:\eclipse\plugins\com.google.guava_33.2.0.jre.jar
2024-11-15 22:17:17,323 [Worker-11: Launching mavenrun-7145ac47-a02b-4628-a1e4-46e70fad2b43] INFO  o.eclipse.m2e.core.internal.Bundles - getClasspathEntries(Bundle=slf4j.api_2.0.13 [1010])
2024-11-15 22:17:17,323 [Worker-11: Launching mavenrun-7145ac47-a02b-4628-a1e4-46e70fad2b43] INFO  o.eclipse.m2e.core.internal.Bundles - 	Entry: E:\eclipse\plugins\slf4j.api_2.0.13.jar
2024-11-15 22:17:17,323 [Worker-11: Launching mavenrun-7145ac47-a02b-4628-a1e4-46e70fad2b43] INFO  o.eclipse.m2e.core.internal.Bundles - getClasspathEntries(Bundle=jakarta.inject.jakarta.inject-api_1.0.5 [33])
2024-11-15 22:17:17,324 [Worker-11: Launching mavenrun-7145ac47-a02b-4628-a1e4-46e70fad2b43] INFO  o.eclipse.m2e.core.internal.Bundles - 	Entry: E:\eclipse\plugins\jakarta.inject.jakarta.inject-api_1.0.5.jar
2024-11-15 22:17:17,324 [Worker-11: Launching mavenrun-7145ac47-a02b-4628-a1e4-46e70fad2b43] INFO  o.eclipse.m2e.core.internal.Bundles - getClasspathEntries(Bundle=javax.annotation_1.3.5.v20200909-1856 [44])
2024-11-15 22:17:17,324 [Worker-11: Launching mavenrun-7145ac47-a02b-4628-a1e4-46e70fad2b43] INFO  o.eclipse.m2e.core.internal.Bundles - 	Entry: E:\eclipse\plugins\javax.annotation_1.3.5.v20200909-1856.jar
2024-11-15 22:17:17,324 [Worker-11: Launching mavenrun-7145ac47-a02b-4628-a1e4-46e70fad2b43] INFO  o.eclipse.m2e.core.internal.Bundles - getClasspathEntries(Bundle=org.apache.commons.cli_1.8.0 [78])
2024-11-15 22:17:17,325 [Worker-11: Launching mavenrun-7145ac47-a02b-4628-a1e4-46e70fad2b43] INFO  o.eclipse.m2e.core.internal.Bundles - 	Entry: E:\eclipse\plugins\org.apache.commons.cli_1.8.0.jar
2024-11-15 22:17:17,325 [Worker-11: Launching mavenrun-7145ac47-a02b-4628-a1e4-46e70fad2b43] INFO  o.eclipse.m2e.core.internal.Bundles - getClasspathEntries(Bundle=org.apache.commons.commons-codec_1.16.0 [81])
2024-11-15 22:17:17,325 [Worker-11: Launching mavenrun-7145ac47-a02b-4628-a1e4-46e70fad2b43] INFO  o.eclipse.m2e.core.internal.Bundles - 	Entry: E:\eclipse\plugins\org.apache.commons.commons-codec_1.16.0.jar
2024-11-15 22:17:17,325 [Worker-11: Launching mavenrun-7145ac47-a02b-4628-a1e4-46e70fad2b43] INFO  o.eclipse.m2e.core.internal.Bundles - getClasspathEntries(Bundle=org.apache.commons.lang3_3.14.0 [89])
2024-11-15 22:17:17,325 [Worker-11: Launching mavenrun-7145ac47-a02b-4628-a1e4-46e70fad2b43] INFO  o.eclipse.m2e.core.internal.Bundles - 	Entry: E:\eclipse\plugins\org.apache.commons.lang3_3.14.0.jar
2024-11-15 22:17:17,325 [Worker-11: Launching mavenrun-7145ac47-a02b-4628-a1e4-46e70fad2b43] INFO  o.eclipse.m2e.core.internal.Bundles - getClasspathEntries(Bundle=com.google.guava.failureaccess_1.0.2 [17])
2024-11-15 22:17:17,326 [Worker-11: Launching mavenrun-7145ac47-a02b-4628-a1e4-46e70fad2b43] INFO  o.eclipse.m2e.core.internal.Bundles - 	Entry: E:\eclipse\plugins\com.google.guava.failureaccess_1.0.2.jar
2024-11-15 22:17:17,332 [Worker-11: Launching mavenrun-7145ac47-a02b-4628-a1e4-46e70fad2b43] INFO  o.e.m.i.launch.MavenLaunchDelegate - Run build in "C:\Users\deept\AppData\Local\Temp\m2e-archetypeGenerator9140735408012247865":
2024-11-15 22:17:17,336 [Worker-11: Launching mavenrun-7145ac47-a02b-4628-a1e4-46e70fad2b43] INFO  o.e.m.i.launch.MavenLaunchDelegate -  mvn  -DarchetypeGroupId=org.apache.maven.archetypes -DarchetypeArtifactId=maven-archetype-quickstart -DarchetypeVersion=1.1 -DgroupId=Core_project_1 -DartifactId=Core_project_1 -Dversion=0.0.1-SNAPSHOT -Dpackage=com.mypackage -DoutputDirectory="E:\8. Spring" -Dstyle.color=always -U archetype:generate
2024-11-15 22:18:23,533 [Worker-2: Creating maven-archetype-quickstart] INFO  o.e.m.c.i.p.ProjectConfigurationManager - Collecting project info '/pom.xml' E:\8. Spring\Core_project_1\pom.xml
2024-11-15 22:18:24,241 [Worker-2: Creating maven-archetype-quickstart] INFO  o.e.m.c.i.l.LifecycleMappingFactory - Using org.eclipse.m2e.jdt.JarLifecycleMapping lifecycle mapping for MavenProject: Core_project_1:Core_project_1:0.0.1-SNAPSHOT @ E:\8. Spring\Core_project_1\pom.xml.
2024-11-15 22:18:25,078 [Worker-2: Creating maven-archetype-quickstart] INFO  o.e.m.j.i.AbstractJavaProjectConfigurator - Adding source folder /Core_project_1/src/main/java
2024-11-15 22:18:25,080 [Worker-2: Creating maven-archetype-quickstart] INFO  o.e.m.j.i.AbstractJavaProjectConfigurator - Adding resource folder /Core_project_1/src/main/resources
2024-11-15 22:18:25,083 [Worker-2: Creating maven-archetype-quickstart] INFO  o.e.m.j.i.AbstractJavaProjectConfigurator - Adding source folder /Core_project_1/src/test/java
2024-11-15 22:18:25,084 [Worker-2: Creating maven-archetype-quickstart] INFO  o.e.m.j.i.AbstractJavaProjectConfigurator - Adding resource folder /Core_project_1/src/test/resources
2024-11-15 22:18:25,221 [Worker-2: Creating maven-archetype-quickstart] INFO  o.e.m.c.i.p.ProjectConfigurationManager - Imported and configured 1 project(s) in 1 sec
2024-11-15 22:18:26,429 [Worker-2: Building] INFO  o.a.m.s.f.DefaultMavenResourcesFiltering - skip non existing resourceDirectory E:\8. Spring\Core_project_1\src\main\resources
2024-11-15 22:18:26,434 [Worker-2: Building] INFO  o.a.m.s.f.DefaultMavenResourcesFiltering - skip non existing resourceDirectory E:\8. Spring\Core_project_1\src\test\resources
2024-11-15 22:20:59,521 [Worker-7: Building] INFO  o.e.m.c.i.l.LifecycleMappingFactory - Using org.eclipse.m2e.jdt.JarLifecycleMapping lifecycle mapping for MavenProject: Core_project_1:Core_project_1:0.0.1-SNAPSHOT @ E:\8. Spring\Core_project_1\pom.xml.
2024-11-15 22:21:01,585 [Worker-7: Building] INFO  o.e.m.c.i.e.AbstractTransferListenerAdapter - Downloading https://repo.maven.apache.org/maven2/org/springframework/spring-context/6.0.10/spring-context-6.0.10.pom
2024-11-15 22:21:04,939 [Worker-7: Building] INFO  o.e.m.c.i.e.AbstractTransferListenerAdapter - Downloaded https://repo.maven.apache.org/maven2/org/springframework/spring-context/6.0.10/spring-context-6.0.10.pom
2024-11-15 22:21:05,668 [Worker-7: Building] INFO  o.e.m.c.i.e.AbstractTransferListenerAdapter - Downloading https://repo.maven.apache.org/maven2/org/springframework/spring-aop/6.0.10/spring-aop-6.0.10.pom
2024-11-15 22:21:05,818 [Worker-7: Building] INFO  o.e.m.c.i.e.AbstractTransferListenerAdapter - Downloaded https://repo.maven.apache.org/maven2/org/springframework/spring-aop/6.0.10/spring-aop-6.0.10.pom
2024-11-15 22:21:05,993 [Worker-7: Building] INFO  o.e.m.c.i.e.AbstractTransferListenerAdapter - Downloading https://repo.maven.apache.org/maven2/org/springframework/spring-beans/6.0.10/spring-beans-6.0.10.pom
2024-11-15 22:21:06,631 [Worker-7: Building] INFO  o.e.m.c.i.e.AbstractTransferListenerAdapter - Downloaded https://repo.maven.apache.org/maven2/org/springframework/spring-beans/6.0.10/spring-beans-6.0.10.pom
2024-11-15 22:21:06,805 [Worker-7: Building] INFO  o.e.m.c.i.e.AbstractTransferListenerAdapter - Downloading https://repo.maven.apache.org/maven2/org/springframework/spring-core/6.0.10/spring-core-6.0.10.pom
2024-11-15 22:21:07,404 [Worker-7: Building] INFO  o.e.m.c.i.e.AbstractTransferListenerAdapter - Downloaded https://repo.maven.apache.org/maven2/org/springframework/spring-core/6.0.10/spring-core-6.0.10.pom
2024-11-15 22:21:07,789 [Worker-7: Building] INFO  o.e.m.c.i.e.AbstractTransferListenerAdapter - Downloading https://repo.maven.apache.org/maven2/org/springframework/spring-jcl/6.0.10/spring-jcl-6.0.10.pom
2024-11-15 22:21:07,797 [Worker-7: Building] INFO  o.e.m.c.i.e.AbstractTransferListenerAdapter - Downloaded https://repo.maven.apache.org/maven2/org/springframework/spring-jcl/6.0.10/spring-jcl-6.0.10.pom
2024-11-15 22:21:08,196 [Worker-7: Building] INFO  o.e.m.c.i.e.AbstractTransferListenerAdapter - Downloading https://repo.maven.apache.org/maven2/org/springframework/spring-expression/6.0.10/spring-expression-6.0.10.pom
2024-11-15 22:21:08,203 [Worker-7: Building] INFO  o.e.m.c.i.e.AbstractTransferListenerAdapter - Downloaded https://repo.maven.apache.org/maven2/org/springframework/spring-expression/6.0.10/spring-expression-6.0.10.pom
2024-11-15 22:21:08,382 [Worker-7: Building] INFO  o.e.m.c.i.e.AbstractTransferListenerAdapter - Downloading https://repo.maven.apache.org/maven2/org/springframework/spring-context/6.0.10/spring-context-6.0.10.jar
2024-11-15 22:23:04,800 [Worker-7: Building] INFO  o.e.m.c.i.e.AbstractTransferListenerAdapter - Downloaded https://repo.maven.apache.org/maven2/org/springframework/spring-context/6.0.10/spring-context-6.0.10.jar
2024-11-15 22:23:04,980 [BasicRepositoryConnector-repo.maven.apache.org-0-0] INFO  o.e.m.c.i.e.AbstractTransferListenerAdapter - Downloading https://repo.maven.apache.org/maven2/org/springframework/spring-aop/6.0.10/spring-aop-6.0.10.jar
2024-11-15 22:23:13,011 [BasicRepositoryConnector-repo.maven.apache.org-0-2] INFO  o.e.m.c.i.e.AbstractTransferListenerAdapter - Downloading https://repo.maven.apache.org/maven2/org/springframework/spring-expression/6.0.10/spring-expression-6.0.10.jar
2024-11-15 22:23:13,191 [BasicRepositoryConnector-repo.maven.apache.org-0-3] INFO  o.e.m.c.i.e.AbstractTransferListenerAdapter - Downloading https://repo.maven.apache.org/maven2/org/springframework/spring-core/6.0.10/spring-core-6.0.10.jar
2024-11-15 22:23:22,517 [BasicRepositoryConnector-repo.maven.apache.org-0-1] INFO  o.e.m.c.i.e.AbstractTransferListenerAdapter - Downloading https://repo.maven.apache.org/maven2/org/springframework/spring-beans/6.0.10/spring-beans-6.0.10.jar
2024-11-15 22:23:23,095 [BasicRepositoryConnector-repo.maven.apache.org-0-1] INFO  o.e.m.c.i.e.AbstractTransferListenerAdapter - Downloaded https://repo.maven.apache.org/maven2/org/springframework/spring-beans/6.0.10/spring-beans-6.0.10.jar
2024-11-15 22:23:24,984 [BasicRepositoryConnector-repo.maven.apache.org-0-4] INFO  o.e.m.c.i.e.AbstractTransferListenerAdapter - Downloading https://repo.maven.apache.org/maven2/org/springframework/spring-jcl/6.0.10/spring-jcl-6.0.10.jar
2024-11-15 22:23:26,718 [BasicRepositoryConnector-repo.maven.apache.org-0-2] INFO  o.e.m.c.i.e.AbstractTransferListenerAdapter - Downloaded https://repo.maven.apache.org/maven2/org/springframework/spring-expression/6.0.10/spring-expression-6.0.10.jar
2024-11-15 22:24:07,188 [BasicRepositoryConnector-repo.maven.apache.org-0-0] INFO  o.e.m.c.i.e.AbstractTransferListenerAdapter - Downloaded https://repo.maven.apache.org/maven2/org/springframework/spring-aop/6.0.10/spring-aop-6.0.10.jar
2024-11-15 22:25:39,122 [BasicRepositoryConnector-repo.maven.apache.org-0-3] INFO  o.e.m.c.i.e.AbstractTransferListenerAdapter - Downloaded https://repo.maven.apache.org/maven2/org/springframework/spring-core/6.0.10/spring-core-6.0.10.jar
2024-11-15 23:03:53,407 [Worker-1: Loading available Gradle versions] INFO  o.e.b.c.i.u.g.PublishedGradleVersions - Gradle version information cache is up-to-date. Trying to read.
2024-11-15 23:03:59,399 [Worker-3: reload maven project] INFO  o.e.m.c.i.e.AbstractTransferListenerAdapter - Downloading https://repo.maven.apache.org/maven2/org/springframework/spring-jcl/6.0.10/spring-jcl-6.0.10.jar
2024-11-15 23:03:59,467 [Worker-3: reload maven project] INFO  o.e.m.c.i.e.AbstractTransferListenerAdapter - Downloaded https://repo.maven.apache.org/maven2/org/springframework/spring-jcl/6.0.10/spring-jcl-6.0.10.jar
2024-11-15 23:04:00,906 [Worker-8: Building] INFO  o.e.m.c.i.l.LifecycleMappingFactory - Using org.eclipse.m2e.jdt.JarLifecycleMapping lifecycle mapping for MavenProject: Core_project_1:Core_project_1:0.0.1-SNAPSHOT @ E:\8. Spring\Core_project_1\pom.xml.
2024-11-15 23:04:02,153 [Worker-8: Building] INFO  o.a.m.s.f.DefaultMavenResourcesFiltering - skip non existing resourceDirectory E:\8. Spring\Core_project_1\src\main\resources
2024-11-15 23:04:02,160 [Worker-8: Building] INFO  o.a.m.s.f.DefaultMavenResourcesFiltering - skip non existing resourceDirectory E:\8. Spring\Core_project_1\src\test\resources
2024-11-15 23:04:03,171 [Worker-5: Download sources and javadoc] INFO  o.e.m.c.i.e.AbstractTransferListenerAdapter - Downloading https://repo.maven.apache.org/maven2/org/springframework/spring-context/6.0.10/spring-context-6.0.10-sources.jar
2024-11-15 23:04:03,502 [Worker-1: Building] INFO  o.a.m.s.f.DefaultMavenResourcesFiltering - skip non existing resourceDirectory E:\8. Spring\Core_project_1\src\main\resources
2024-11-15 23:04:03,505 [Worker-1: Building] INFO  o.a.m.s.f.DefaultMavenResourcesFiltering - skip non existing resourceDirectory E:\8. Spring\Core_project_1\src\test\resources
2024-11-15 23:04:03,650 [Worker-5: Download sources and javadoc] INFO  o.e.m.c.i.e.AbstractTransferListenerAdapter - Downloaded https://repo.maven.apache.org/maven2/org/springframework/spring-context/6.0.10/spring-context-6.0.10-sources.jar
2024-11-15 23:04:03,655 [Worker-5: Download sources and javadoc] INFO  o.e.m.j.internal.DownloadSourcesJob - Downloaded sources for org.springframework:spring-context:6.0.10
2024-11-15 23:04:03,900 [Worker-5: Download sources and javadoc] INFO  o.e.m.c.i.e.AbstractTransferListenerAdapter - Downloading https://repo.maven.apache.org/maven2/org/springframework/spring-aop/6.0.10/spring-aop-6.0.10-sources.jar
2024-11-15 23:04:04,131 [Worker-5: Download sources and javadoc] INFO  o.e.m.c.i.e.AbstractTransferListenerAdapter - Downloaded https://repo.maven.apache.org/maven2/org/springframework/spring-aop/6.0.10/spring-aop-6.0.10-sources.jar
2024-11-15 23:04:04,135 [Worker-5: Download sources and javadoc] INFO  o.e.m.j.internal.DownloadSourcesJob - Downloaded sources for org.springframework:spring-aop:6.0.10
2024-11-15 23:04:04,395 [Worker-5: Download sources and javadoc] INFO  o.e.m.c.i.e.AbstractTransferListenerAdapter - Downloading https://repo.maven.apache.org/maven2/org/springframework/spring-beans/6.0.10/spring-beans-6.0.10-sources.jar
2024-11-15 23:04:04,762 [Worker-5: Download sources and javadoc] INFO  o.e.m.c.i.e.AbstractTransferListenerAdapter - Downloaded https://repo.maven.apache.org/maven2/org/springframework/spring-beans/6.0.10/spring-beans-6.0.10-sources.jar
2024-11-15 23:04:04,765 [Worker-5: Download sources and javadoc] INFO  o.e.m.j.internal.DownloadSourcesJob - Downloaded sources for org.springframework:spring-beans:6.0.10
2024-11-15 23:04:04,950 [Worker-5: Download sources and javadoc] INFO  o.e.m.c.i.e.AbstractTransferListenerAdapter - Downloading https://repo.maven.apache.org/maven2/org/springframework/spring-expression/6.0.10/spring-expression-6.0.10-sources.jar
2024-11-15 23:04:05,166 [Worker-5: Download sources and javadoc] INFO  o.e.m.c.i.e.AbstractTransferListenerAdapter - Downloaded https://repo.maven.apache.org/maven2/org/springframework/spring-expression/6.0.10/spring-expression-6.0.10-sources.jar
2024-11-15 23:04:05,169 [Worker-5: Download sources and javadoc] INFO  o.e.m.j.internal.DownloadSourcesJob - Downloaded sources for org.springframework:spring-expression:6.0.10
2024-11-15 23:04:05,406 [Worker-5: Download sources and javadoc] INFO  o.e.m.c.i.e.AbstractTransferListenerAdapter - Downloading https://repo.maven.apache.org/maven2/org/springframework/spring-core/6.0.10/spring-core-6.0.10-sources.jar
2024-11-15 23:04:06,152 [Worker-5: Download sources and javadoc] INFO  o.e.m.c.i.e.AbstractTransferListenerAdapter - Downloaded https://repo.maven.apache.org/maven2/org/springframework/spring-core/6.0.10/spring-core-6.0.10-sources.jar
2024-11-15 23:04:06,157 [Worker-5: Download sources and javadoc] INFO  o.e.m.j.internal.DownloadSourcesJob - Downloaded sources for org.springframework:spring-core:6.0.10
2024-11-15 23:04:06,419 [Worker-5: Download sources and javadoc] INFO  o.e.m.c.i.e.AbstractTransferListenerAdapter - Downloading https://repo.maven.apache.org/maven2/org/springframework/spring-jcl/6.0.10/spring-jcl-6.0.10-sources.jar
2024-11-15 23:04:06,423 [Worker-5: Download sources and javadoc] INFO  o.e.m.c.i.e.AbstractTransferListenerAdapter - Downloaded https://repo.maven.apache.org/maven2/org/springframework/spring-jcl/6.0.10/spring-jcl-6.0.10-sources.jar
2024-11-15 23:04:06,428 [Worker-5: Download sources and javadoc] INFO  o.e.m.j.internal.DownloadSourcesJob - Downloaded sources for org.springframework:spring-jcl:6.0.10
2024-11-15 23:06:54,774 [Worker-14: Launching mavenrun-959dbca3-006c-449a-8e40-56d331f2e861] INFO  o.eclipse.m2e.core.internal.Bundles - getClasspathEntries(Bundle=org.eclipse.m2e.maven.runtime_3.9.700.20240602-2313 [645])
2024-11-15 23:06:54,776 [Worker-14: Launching mavenrun-959dbca3-006c-449a-8e40-56d331f2e861] INFO  o.eclipse.m2e.core.internal.Bundles - 	Entry: E:\eclipse\plugins\org.eclipse.m2e.maven.runtime_3.9.700.20240602-2313
2024-11-15 23:06:54,776 [Worker-14: Launching mavenrun-959dbca3-006c-449a-8e40-56d331f2e861] INFO  o.eclipse.m2e.core.internal.Bundles - 	Entry: E:\eclipse\plugins\org.eclipse.m2e.maven.runtime_3.9.700.20240602-2313\jars\aopalliance-1.0.jar
2024-11-15 23:06:54,776 [Worker-14: Launching mavenrun-959dbca3-006c-449a-8e40-56d331f2e861] INFO  o.eclipse.m2e.core.internal.Bundles - 	Entry: E:\eclipse\plugins\org.eclipse.m2e.maven.runtime_3.9.700.20240602-2313\jars\guice-5.1.0.jar
2024-11-15 23:06:54,777 [Worker-14: Launching mavenrun-959dbca3-006c-449a-8e40-56d331f2e861] INFO  o.eclipse.m2e.core.internal.Bundles - 	Entry: E:\eclipse\plugins\org.eclipse.m2e.maven.runtime_3.9.700.20240602-2313\jars\httpclient-4.5.14.jar
2024-11-15 23:06:54,777 [Worker-14: Launching mavenrun-959dbca3-006c-449a-8e40-56d331f2e861] INFO  o.eclipse.m2e.core.internal.Bundles - 	Entry: E:\eclipse\plugins\org.eclipse.m2e.maven.runtime_3.9.700.20240602-2313\jars\httpcore-4.4.16.jar
2024-11-15 23:06:54,778 [Worker-14: Launching mavenrun-959dbca3-006c-449a-8e40-56d331f2e861] INFO  o.eclipse.m2e.core.internal.Bundles - 	Entry: E:\eclipse\plugins\org.eclipse.m2e.maven.runtime_3.9.700.20240602-2313\jars\jansi-2.4.1.jar
2024-11-15 23:06:54,778 [Worker-14: Launching mavenrun-959dbca3-006c-449a-8e40-56d331f2e861] INFO  o.eclipse.m2e.core.internal.Bundles - 	Entry: E:\eclipse\plugins\org.eclipse.m2e.maven.runtime_3.9.700.20240602-2313\jars\jcl-over-slf4j-1.7.36.jar
2024-11-15 23:06:54,778 [Worker-14: Launching mavenrun-959dbca3-006c-449a-8e40-56d331f2e861] INFO  o.eclipse.m2e.core.internal.Bundles - 	Entry: E:\eclipse\plugins\org.eclipse.m2e.maven.runtime_3.9.700.20240602-2313\jars\maven-artifact-3.9.7.jar
2024-11-15 23:06:54,778 [Worker-14: Launching mavenrun-959dbca3-006c-449a-8e40-56d331f2e861] INFO  o.eclipse.m2e.core.internal.Bundles - 	Entry: E:\eclipse\plugins\org.eclipse.m2e.maven.runtime_3.9.700.20240602-2313\jars\maven-builder-support-3.9.7.jar
2024-11-15 23:06:54,778 [Worker-14: Launching mavenrun-959dbca3-006c-449a-8e40-56d331f2e861] INFO  o.eclipse.m2e.core.internal.Bundles - 	Entry: E:\eclipse\plugins\org.eclipse.m2e.maven.runtime_3.9.700.20240602-2313\jars\maven-compat-3.9.7.jar
2024-11-15 23:06:54,778 [Worker-14: Launching mavenrun-959dbca3-006c-449a-8e40-56d331f2e861] INFO  o.eclipse.m2e.core.internal.Bundles - 	Entry: E:\eclipse\plugins\org.eclipse.m2e.maven.runtime_3.9.700.20240602-2313\jars\maven-core-3.9.7.jar
2024-11-15 23:06:54,778 [Worker-14: Launching mavenrun-959dbca3-006c-449a-8e40-56d331f2e861] INFO  o.eclipse.m2e.core.internal.Bundles - 	Entry: E:\eclipse\plugins\org.eclipse.m2e.maven.runtime_3.9.700.20240602-2313\jars\maven-embedder-3.9.7.jar
2024-11-15 23:06:54,778 [Worker-14: Launching mavenrun-959dbca3-006c-449a-8e40-56d331f2e861] INFO  o.eclipse.m2e.core.internal.Bundles - 	Entry: E:\eclipse\plugins\org.eclipse.m2e.maven.runtime_3.9.700.20240602-2313\jars\maven-model-3.9.7.jar
2024-11-15 23:06:54,778 [Worker-14: Launching mavenrun-959dbca3-006c-449a-8e40-56d331f2e861] INFO  o.eclipse.m2e.core.internal.Bundles - 	Entry: E:\eclipse\plugins\org.eclipse.m2e.maven.runtime_3.9.700.20240602-2313\jars\maven-model-builder-3.9.7.jar
2024-11-15 23:06:54,779 [Worker-14: Launching mavenrun-959dbca3-006c-449a-8e40-56d331f2e861] INFO  o.eclipse.m2e.core.internal.Bundles - 	Entry: E:\eclipse\plugins\org.eclipse.m2e.maven.runtime_3.9.700.20240602-2313\jars\maven-plugin-api-3.9.7.jar
2024-11-15 23:06:54,779 [Worker-14: Launching mavenrun-959dbca3-006c-449a-8e40-56d331f2e861] INFO  o.eclipse.m2e.core.internal.Bundles - 	Entry: E:\eclipse\plugins\org.eclipse.m2e.maven.runtime_3.9.700.20240602-2313\jars\maven-repository-metadata-3.9.7.jar
2024-11-15 23:06:54,779 [Worker-14: Launching mavenrun-959dbca3-006c-449a-8e40-56d331f2e861] INFO  o.eclipse.m2e.core.internal.Bundles - 	Entry: E:\eclipse\plugins\org.eclipse.m2e.maven.runtime_3.9.700.20240602-2313\jars\maven-resolver-api-1.9.20.jar
2024-11-15 23:06:54,779 [Worker-14: Launching mavenrun-959dbca3-006c-449a-8e40-56d331f2e861] INFO  o.eclipse.m2e.core.internal.Bundles - 	Entry: E:\eclipse\plugins\org.eclipse.m2e.maven.runtime_3.9.700.20240602-2313\jars\maven-resolver-connector-basic-1.9.20.jar
2024-11-15 23:06:54,779 [Worker-14: Launching mavenrun-959dbca3-006c-449a-8e40-56d331f2e861] INFO  o.eclipse.m2e.core.internal.Bundles - 	Entry: E:\eclipse\plugins\org.eclipse.m2e.maven.runtime_3.9.700.20240602-2313\jars\maven-resolver-impl-1.9.20.jar
2024-11-15 23:06:54,779 [Worker-14: Launching mavenrun-959dbca3-006c-449a-8e40-56d331f2e861] INFO  o.eclipse.m2e.core.internal.Bundles - 	Entry: E:\eclipse\plugins\org.eclipse.m2e.maven.runtime_3.9.700.20240602-2313\jars\maven-resolver-named-locks-1.9.20.jar
2024-11-15 23:06:54,779 [Worker-14: Launching mavenrun-959dbca3-006c-449a-8e40-56d331f2e861] INFO  o.eclipse.m2e.core.internal.Bundles - 	Entry: E:\eclipse\plugins\org.eclipse.m2e.maven.runtime_3.9.700.20240602-2313\jars\maven-resolver-provider-3.9.7.jar
2024-11-15 23:06:54,779 [Worker-14: Launching mavenrun-959dbca3-006c-449a-8e40-56d331f2e861] INFO  o.eclipse.m2e.core.internal.Bundles - 	Entry: E:\eclipse\plugins\org.eclipse.m2e.maven.runtime_3.9.700.20240602-2313\jars\maven-resolver-spi-1.9.20.jar
2024-11-15 23:06:54,779 [Worker-14: Launching mavenrun-959dbca3-006c-449a-8e40-56d331f2e861] INFO  o.eclipse.m2e.core.internal.Bundles - 	Entry: E:\eclipse\plugins\org.eclipse.m2e.maven.runtime_3.9.700.20240602-2313\jars\maven-resolver-transport-file-1.9.20.jar
2024-11-15 23:06:54,779 [Worker-14: Launching mavenrun-959dbca3-006c-449a-8e40-56d331f2e861] INFO  o.eclipse.m2e.core.internal.Bundles - 	Entry: E:\eclipse\plugins\org.eclipse.m2e.maven.runtime_3.9.700.20240602-2313\jars\maven-resolver-transport-http-1.9.20.jar
2024-11-15 23:06:54,779 [Worker-14: Launching mavenrun-959dbca3-006c-449a-8e40-56d331f2e861] INFO  o.eclipse.m2e.core.internal.Bundles - 	Entry: E:\eclipse\plugins\org.eclipse.m2e.maven.runtime_3.9.700.20240602-2313\jars\maven-resolver-transport-wagon-1.9.20.jar
2024-11-15 23:06:54,780 [Worker-14: Launching mavenrun-959dbca3-006c-449a-8e40-56d331f2e861] INFO  o.eclipse.m2e.core.internal.Bundles - 	Entry: E:\eclipse\plugins\org.eclipse.m2e.maven.runtime_3.9.700.20240602-2313\jars\maven-resolver-util-1.9.20.jar
2024-11-15 23:06:54,780 [Worker-14: Launching mavenrun-959dbca3-006c-449a-8e40-56d331f2e861] INFO  o.eclipse.m2e.core.internal.Bundles - 	Entry: E:\eclipse\plugins\org.eclipse.m2e.maven.runtime_3.9.700.20240602-2313\jars\maven-settings-3.9.7.jar
2024-11-15 23:06:54,780 [Worker-14: Launching mavenrun-959dbca3-006c-449a-8e40-56d331f2e861] INFO  o.eclipse.m2e.core.internal.Bundles - 	Entry: E:\eclipse\plugins\org.eclipse.m2e.maven.runtime_3.9.700.20240602-2313\jars\maven-settings-builder-3.9.7.jar
2024-11-15 23:06:54,780 [Worker-14: Launching mavenrun-959dbca3-006c-449a-8e40-56d331f2e861] INFO  o.eclipse.m2e.core.internal.Bundles - 	Entry: E:\eclipse\plugins\org.eclipse.m2e.maven.runtime_3.9.700.20240602-2313\jars\maven-shared-utils-3.4.2.jar
2024-11-15 23:06:54,780 [Worker-14: Launching mavenrun-959dbca3-006c-449a-8e40-56d331f2e861] INFO  o.eclipse.m2e.core.internal.Bundles - 	Entry: E:\eclipse\plugins\org.eclipse.m2e.maven.runtime_3.9.700.20240602-2313\jars\org.eclipse.sisu.inject-0.9.0.M2.jar
2024-11-15 23:06:54,780 [Worker-14: Launching mavenrun-959dbca3-006c-449a-8e40-56d331f2e861] INFO  o.eclipse.m2e.core.internal.Bundles - 	Entry: E:\eclipse\plugins\org.eclipse.m2e.maven.runtime_3.9.700.20240602-2313\jars\org.eclipse.sisu.plexus-0.9.0.M2.jar
2024-11-15 23:06:54,780 [Worker-14: Launching mavenrun-959dbca3-006c-449a-8e40-56d331f2e861] INFO  o.eclipse.m2e.core.internal.Bundles - 	Entry: E:\eclipse\plugins\org.eclipse.m2e.maven.runtime_3.9.700.20240602-2313\jars\plexus-build-api-0.0.7.jar
2024-11-15 23:06:54,780 [Worker-14: Launching mavenrun-959dbca3-006c-449a-8e40-56d331f2e861] INFO  o.eclipse.m2e.core.internal.Bundles - 	Entry: E:\eclipse\plugins\org.eclipse.m2e.maven.runtime_3.9.700.20240602-2313\jars\plexus-build-api-1.2.0.jar
2024-11-15 23:06:54,780 [Worker-14: Launching mavenrun-959dbca3-006c-449a-8e40-56d331f2e861] INFO  o.eclipse.m2e.core.internal.Bundles - 	Entry: E:\eclipse\plugins\org.eclipse.m2e.maven.runtime_3.9.700.20240602-2313\jars\plexus-cipher-2.0.jar
2024-11-15 23:06:54,780 [Worker-14: Launching mavenrun-959dbca3-006c-449a-8e40-56d331f2e861] INFO  o.eclipse.m2e.core.internal.Bundles - 	Entry: E:\eclipse\plugins\org.eclipse.m2e.maven.runtime_3.9.700.20240602-2313\jars\plexus-classworlds-2.8.0.jar
2024-11-15 23:06:54,780 [Worker-14: Launching mavenrun-959dbca3-006c-449a-8e40-56d331f2e861] INFO  o.eclipse.m2e.core.internal.Bundles - 	Entry: E:\eclipse\plugins\org.eclipse.m2e.maven.runtime_3.9.700.20240602-2313\jars\plexus-component-annotations-2.1.0.jar
2024-11-15 23:06:54,781 [Worker-14: Launching mavenrun-959dbca3-006c-449a-8e40-56d331f2e861] INFO  o.eclipse.m2e.core.internal.Bundles - 	Entry: E:\eclipse\plugins\org.eclipse.m2e.maven.runtime_3.9.700.20240602-2313\jars\plexus-interpolation-1.27.jar
2024-11-15 23:06:54,781 [Worker-14: Launching mavenrun-959dbca3-006c-449a-8e40-56d331f2e861] INFO  o.eclipse.m2e.core.internal.Bundles - 	Entry: E:\eclipse\plugins\org.eclipse.m2e.maven.runtime_3.9.700.20240602-2313\jars\plexus-sec-dispatcher-2.0.jar
2024-11-15 23:06:54,781 [Worker-14: Launching mavenrun-959dbca3-006c-449a-8e40-56d331f2e861] INFO  o.eclipse.m2e.core.internal.Bundles - 	Entry: E:\eclipse\plugins\org.eclipse.m2e.maven.runtime_3.9.700.20240602-2313\jars\plexus-utils-3.5.1.jar
2024-11-15 23:06:54,781 [Worker-14: Launching mavenrun-959dbca3-006c-449a-8e40-56d331f2e861] INFO  o.eclipse.m2e.core.internal.Bundles - 	Entry: E:\eclipse\plugins\org.eclipse.m2e.maven.runtime_3.9.700.20240602-2313\jars\wagon-file-3.5.3.jar
2024-11-15 23:06:54,781 [Worker-14: Launching mavenrun-959dbca3-006c-449a-8e40-56d331f2e861] INFO  o.eclipse.m2e.core.internal.Bundles - 	Entry: E:\eclipse\plugins\org.eclipse.m2e.maven.runtime_3.9.700.20240602-2313\jars\wagon-http-3.5.3.jar
2024-11-15 23:06:54,781 [Worker-14: Launching mavenrun-959dbca3-006c-449a-8e40-56d331f2e861] INFO  o.eclipse.m2e.core.internal.Bundles - 	Entry: E:\eclipse\plugins\org.eclipse.m2e.maven.runtime_3.9.700.20240602-2313\jars\wagon-http-shared-3.5.3.jar
2024-11-15 23:06:54,782 [Worker-14: Launching mavenrun-959dbca3-006c-449a-8e40-56d331f2e861] INFO  o.eclipse.m2e.core.internal.Bundles - 	Entry: E:\eclipse\plugins\org.eclipse.m2e.maven.runtime_3.9.700.20240602-2313\jars\wagon-provider-api-3.5.3.jar
2024-11-15 23:06:54,783 [Worker-14: Launching mavenrun-959dbca3-006c-449a-8e40-56d331f2e861] INFO  o.eclipse.m2e.core.internal.Bundles - getClasspathEntries(Bundle=com.google.guava_33.2.0.jre [16])
2024-11-15 23:06:54,784 [Worker-14: Launching mavenrun-959dbca3-006c-449a-8e40-56d331f2e861] INFO  o.eclipse.m2e.core.internal.Bundles - 	Entry: E:\eclipse\plugins\com.google.guava_33.2.0.jre.jar
2024-11-15 23:06:54,784 [Worker-14: Launching mavenrun-959dbca3-006c-449a-8e40-56d331f2e861] INFO  o.eclipse.m2e.core.internal.Bundles - getClasspathEntries(Bundle=slf4j.api_2.0.13 [1010])
2024-11-15 23:06:54,784 [Worker-14: Launching mavenrun-959dbca3-006c-449a-8e40-56d331f2e861] INFO  o.eclipse.m2e.core.internal.Bundles - 	Entry: E:\eclipse\plugins\slf4j.api_2.0.13.jar
2024-11-15 23:06:54,785 [Worker-14: Launching mavenrun-959dbca3-006c-449a-8e40-56d331f2e861] INFO  o.eclipse.m2e.core.internal.Bundles - getClasspathEntries(Bundle=jakarta.inject.jakarta.inject-api_1.0.5 [33])
2024-11-15 23:06:54,785 [Worker-14: Launching mavenrun-959dbca3-006c-449a-8e40-56d331f2e861] INFO  o.eclipse.m2e.core.internal.Bundles - 	Entry: E:\eclipse\plugins\jakarta.inject.jakarta.inject-api_1.0.5.jar
2024-11-15 23:06:54,785 [Worker-14: Launching mavenrun-959dbca3-006c-449a-8e40-56d331f2e861] INFO  o.eclipse.m2e.core.internal.Bundles - getClasspathEntries(Bundle=javax.annotation_1.3.5.v20200909-1856 [44])
2024-11-15 23:06:54,785 [Worker-14: Launching mavenrun-959dbca3-006c-449a-8e40-56d331f2e861] INFO  o.eclipse.m2e.core.internal.Bundles - 	Entry: E:\eclipse\plugins\javax.annotation_1.3.5.v20200909-1856.jar
2024-11-15 23:06:54,785 [Worker-14: Launching mavenrun-959dbca3-006c-449a-8e40-56d331f2e861] INFO  o.eclipse.m2e.core.internal.Bundles - getClasspathEntries(Bundle=org.apache.commons.cli_1.8.0 [78])
2024-11-15 23:06:54,785 [Worker-14: Launching mavenrun-959dbca3-006c-449a-8e40-56d331f2e861] INFO  o.eclipse.m2e.core.internal.Bundles - 	Entry: E:\eclipse\plugins\org.apache.commons.cli_1.8.0.jar
2024-11-15 23:06:54,785 [Worker-14: Launching mavenrun-959dbca3-006c-449a-8e40-56d331f2e861] INFO  o.eclipse.m2e.core.internal.Bundles - getClasspathEntries(Bundle=org.apache.commons.commons-codec_1.16.0 [81])
2024-11-15 23:06:54,785 [Worker-14: Launching mavenrun-959dbca3-006c-449a-8e40-56d331f2e861] INFO  o.eclipse.m2e.core.internal.Bundles - 	Entry: E:\eclipse\plugins\org.apache.commons.commons-codec_1.16.0.jar
2024-11-15 23:06:54,785 [Worker-14: Launching mavenrun-959dbca3-006c-449a-8e40-56d331f2e861] INFO  o.eclipse.m2e.core.internal.Bundles - getClasspathEntries(Bundle=org.apache.commons.lang3_3.14.0 [89])
2024-11-15 23:06:54,785 [Worker-14: Launching mavenrun-959dbca3-006c-449a-8e40-56d331f2e861] INFO  o.eclipse.m2e.core.internal.Bundles - 	Entry: E:\eclipse\plugins\org.apache.commons.lang3_3.14.0.jar
2024-11-15 23:06:54,785 [Worker-14: Launching mavenrun-959dbca3-006c-449a-8e40-56d331f2e861] INFO  o.eclipse.m2e.core.internal.Bundles - getClasspathEntries(Bundle=com.google.guava.failureaccess_1.0.2 [17])
2024-11-15 23:06:54,786 [Worker-14: Launching mavenrun-959dbca3-006c-449a-8e40-56d331f2e861] INFO  o.eclipse.m2e.core.internal.Bundles - 	Entry: E:\eclipse\plugins\com.google.guava.failureaccess_1.0.2.jar
2024-11-15 23:06:54,793 [Worker-14: Launching mavenrun-959dbca3-006c-449a-8e40-56d331f2e861] INFO  o.e.m.i.launch.MavenLaunchDelegate - Run build in "C:\Users\deept\AppData\Local\Temp\m2e-archetypeGenerator17553168157990085698":
2024-11-15 23:06:54,801 [Worker-14: Launching mavenrun-959dbca3-006c-449a-8e40-56d331f2e861] INFO  o.e.m.i.launch.MavenLaunchDelegate -  mvn  -DarchetypeGroupId=org.apache.maven.archetypes -DarchetypeArtifactId=maven-archetype-quickstart -DarchetypeVersion=1.1 -DgroupId=SCore_1 -DartifactId=SCore_1 -Dversion=0.0.1-SNAPSHOT -Dpackage=com.mypackage -DoutputDirectory="E:\8. Spring" -Dstyle.color=always -U archetype:generate
2024-11-15 23:07:18,463 [Worker-0: Creating maven-archetype-quickstart] INFO  o.e.m.c.i.p.ProjectConfigurationManager - Collecting project info '/pom.xml' E:\8. Spring\SCore_1\pom.xml
2024-11-15 23:07:18,715 [Worker-0: Creating maven-archetype-quickstart] INFO  o.e.m.c.i.l.LifecycleMappingFactory - Using org.eclipse.m2e.jdt.JarLifecycleMapping lifecycle mapping for MavenProject: SCore_1:SCore_1:0.0.1-SNAPSHOT @ E:\8. Spring\SCore_1\pom.xml.
2024-11-15 23:07:19,399 [Worker-0: Creating maven-archetype-quickstart] INFO  o.e.m.j.i.AbstractJavaProjectConfigurator - Adding source folder /SCore_1/src/main/java
2024-11-15 23:07:19,400 [Worker-0: Creating maven-archetype-quickstart] INFO  o.e.m.j.i.AbstractJavaProjectConfigurator - Adding resource folder /SCore_1/src/main/resources
2024-11-15 23:07:19,405 [Worker-0: Creating maven-archetype-quickstart] INFO  o.e.m.j.i.AbstractJavaProjectConfigurator - Adding source folder /SCore_1/src/test/java
2024-11-15 23:07:19,406 [Worker-0: Creating maven-archetype-quickstart] INFO  o.e.m.j.i.AbstractJavaProjectConfigurator - Adding resource folder /SCore_1/src/test/resources
2024-11-15 23:07:19,464 [Worker-0: Creating maven-archetype-quickstart] INFO  o.e.m.c.i.p.ProjectConfigurationManager - Imported and configured 1 project(s) in 0 sec
2024-11-15 23:07:19,769 [Worker-15: Building] INFO  o.a.m.s.f.DefaultMavenResourcesFiltering - skip non existing resourceDirectory E:\8. Spring\SCore_1\src\main\resources
2024-11-15 23:07:19,775 [Worker-15: Building] INFO  o.a.m.s.f.DefaultMavenResourcesFiltering - skip non existing resourceDirectory E:\8. Spring\SCore_1\src\test\resources
2024-11-15 23:07:46,651 [Worker-3: Building] INFO  o.e.m.c.i.l.LifecycleMappingFactory - Using org.eclipse.m2e.jdt.JarLifecycleMapping lifecycle mapping for MavenProject: SCore_1:SCore_1:0.0.1-SNAPSHOT @ E:\8. Spring\SCore_1\pom.xml.
2024-11-15 23:07:46,793 [Worker-3: Building] INFO  o.a.m.s.f.DefaultMavenResourcesFiltering - skip non existing resourceDirectory E:\8. Spring\SCore_1\src\main\resources
2024-11-15 23:07:46,797 [Worker-3: Building] INFO  o.a.m.s.f.DefaultMavenResourcesFiltering - skip non existing resourceDirectory E:\8. Spring\SCore_1\src\test\resources
2024-11-15 23:07:48,218 [Worker-17: Building] INFO  o.a.m.s.f.DefaultMavenResourcesFiltering - skip non existing resourceDirectory E:\8. Spring\SCore_1\src\main\resources
2024-11-15 23:07:48,221 [Worker-17: Building] INFO  o.a.m.s.f.DefaultMavenResourcesFiltering - skip non existing resourceDirectory E:\8. Spring\SCore_1\src\test\resources
2024-11-15 23:08:09,370 [Worker-3: Building] INFO  o.a.m.s.f.DefaultMavenResourcesFiltering - skip non existing resourceDirectory E:\8. Spring\SCore_1\src\main\resources
2024-11-15 23:08:09,373 [Worker-3: Building] INFO  o.a.m.s.f.DefaultMavenResourcesFiltering - skip non existing resourceDirectory E:\8. Spring\SCore_1\src\test\resources
2024-11-15 23:10:55,289 [Worker-14: Building] INFO  o.a.m.s.f.DefaultMavenResourcesFiltering - skip non existing resourceDirectory E:\8. Spring\SCore_1\src\main\resources
2024-11-15 23:10:55,294 [Worker-14: Building] INFO  o.a.m.s.f.DefaultMavenResourcesFiltering - skip non existing resourceDirectory E:\8. Spring\SCore_1\src\test\resources
2024-11-15 23:11:58,503 [Worker-3: Building] INFO  o.a.m.s.f.DefaultMavenResourcesFiltering - skip non existing resourceDirectory E:\8. Spring\SCore_1\src\main\resources
2024-11-15 23:11:58,505 [Worker-3: Building] INFO  o.a.m.s.f.DefaultMavenResourcesFiltering - skip non existing resourceDirectory E:\8. Spring\SCore_1\src\test\resources
2024-11-15 23:14:14,961 [Worker-19: Building] INFO  o.a.m.s.f.DefaultMavenResourcesFiltering - skip non existing resourceDirectory E:\8. Spring\SCore_1\src\main\resources
2024-11-15 23:14:14,963 [Worker-19: Building] INFO  o.a.m.s.f.DefaultMavenResourcesFiltering - skip non existing resourceDirectory E:\8. Spring\SCore_1\src\test\resources
2024-11-15 23:16:37,370 [Worker-3: Building] INFO  o.a.m.s.f.DefaultMavenResourcesFiltering - skip non existing resourceDirectory E:\8. Spring\SCore_1\src\main\resources
2024-11-15 23:16:37,373 [Worker-3: Building] INFO  o.a.m.s.f.DefaultMavenResourcesFiltering - skip non existing resourceDirectory E:\8. Spring\SCore_1\src\test\resources
2024-11-15 23:25:33,751 [Worker-20: Building] INFO  o.a.m.s.f.DefaultMavenResourcesFiltering - skip non existing resourceDirectory E:\8. Spring\SCore_1\src\main\resources
2024-11-15 23:25:33,753 [Worker-20: Building] INFO  o.a.m.s.f.DefaultMavenResourcesFiltering - skip non existing resourceDirectory E:\8. Spring\SCore_1\src\test\resources
2024-11-15 23:29:09,307 [Worker-20: Building] INFO  o.a.m.s.f.DefaultMavenResourcesFiltering - skip non existing resourceDirectory E:\8. Spring\SCore_1\src\main\resources
2024-11-15 23:29:09,313 [Worker-20: Building] INFO  o.a.m.s.f.DefaultMavenResourcesFiltering - skip non existing resourceDirectory E:\8. Spring\SCore_1\src\test\resources
2024-11-15 23:29:39,201 [Worker-25: Building] INFO  o.a.m.s.f.DefaultMavenResourcesFiltering - skip non existing resourceDirectory E:\8. Spring\SCore_1\src\main\resources
2024-11-15 23:29:39,205 [Worker-25: Building] INFO  o.a.m.s.f.DefaultMavenResourcesFiltering - skip non existing resourceDirectory E:\8. Spring\SCore_1\src\test\resources
2024-11-15 23:32:09,008 [Worker-22: Building] INFO  o.a.m.s.f.DefaultMavenResourcesFiltering - skip non existing resourceDirectory E:\8. Spring\SCore_1\src\main\resources
2024-11-15 23:32:09,010 [Worker-22: Building] INFO  o.a.m.s.f.DefaultMavenResourcesFiltering - skip non existing resourceDirectory E:\8. Spring\SCore_1\src\test\resources
2024-11-15 23:34:07,141 [Worker-27: Building] INFO  o.a.m.s.f.DefaultMavenResourcesFiltering - skip non existing resourceDirectory E:\8. Spring\SCore_1\src\main\resources
2024-11-15 23:34:07,143 [Worker-27: Building] INFO  o.a.m.s.f.DefaultMavenResourcesFiltering - skip non existing resourceDirectory E:\8. Spring\SCore_1\src\test\resources
2024-11-15 23:35:26,409 [Worker-22: Building] INFO  o.a.m.s.f.DefaultMavenResourcesFiltering - skip non existing resourceDirectory E:\8. Spring\SCore_1\src\main\resources
2024-11-15 23:35:26,413 [Worker-22: Building] INFO  o.a.m.s.f.DefaultMavenResourcesFiltering - skip non existing resourceDirectory E:\8. Spring\SCore_1\src\test\resources
2024-11-15 23:37:34,969 [Worker-26: Building] INFO  o.a.m.s.f.DefaultMavenResourcesFiltering - skip non existing resourceDirectory E:\8. Spring\SCore_1\src\main\resources
2024-11-15 23:37:34,971 [Worker-26: Building] INFO  o.a.m.s.f.DefaultMavenResourcesFiltering - skip non existing resourceDirectory E:\8. Spring\SCore_1\src\test\resources
2024-11-15 23:38:17,775 [Worker-25: Building] INFO  o.a.m.s.f.DefaultMavenResourcesFiltering - skip non existing resourceDirectory E:\8. Spring\SCore_1\src\main\resources
2024-11-15 23:38:17,776 [Worker-25: Building] INFO  o.a.m.s.f.DefaultMavenResourcesFiltering - skip non existing resourceDirectory E:\8. Spring\SCore_1\src\test\resources
2024-11-15 23:38:23,310 [Worker-27: Building] INFO  o.a.m.s.f.DefaultMavenResourcesFiltering - skip non existing resourceDirectory E:\8. Spring\SCore_1\src\main\resources
2024-11-15 23:38:23,311 [Worker-27: Building] INFO  o.a.m.s.f.DefaultMavenResourcesFiltering - skip non existing resourceDirectory E:\8. Spring\SCore_1\src\test\resources
2024-11-17 18:45:42,361 [Worker-0: Loading available Gradle versions] INFO  o.e.b.c.i.u.g.PublishedGradleVersions - Gradle version information cache is out-of-date. Trying to update.
2024-11-18 23:15:53,409 [Worker-0: Loading available Gradle versions] INFO  o.e.b.c.i.u.g.PublishedGradleVersions - Gradle version information cache is up-to-date. Trying to read.
2024-11-18 23:17:09,367 [Worker-10: Launching mavenrun-359d102b-806f-4403-b8d7-0a71e392050d] INFO  o.eclipse.m2e.core.internal.Bundles - getClasspathEntries(Bundle=org.eclipse.m2e.maven.runtime_3.9.700.20240602-2313 [645])
2024-11-18 23:17:09,372 [Worker-10: Launching mavenrun-359d102b-806f-4403-b8d7-0a71e392050d] INFO  o.eclipse.m2e.core.internal.Bundles - 	Entry: E:\eclipse\plugins\org.eclipse.m2e.maven.runtime_3.9.700.20240602-2313
2024-11-18 23:17:09,373 [Worker-10: Launching mavenrun-359d102b-806f-4403-b8d7-0a71e392050d] INFO  o.eclipse.m2e.core.internal.Bundles - 	Entry: E:\eclipse\plugins\org.eclipse.m2e.maven.runtime_3.9.700.20240602-2313\jars\aopalliance-1.0.jar
2024-11-18 23:17:09,373 [Worker-10: Launching mavenrun-359d102b-806f-4403-b8d7-0a71e392050d] INFO  o.eclipse.m2e.core.internal.Bundles - 	Entry: E:\eclipse\plugins\org.eclipse.m2e.maven.runtime_3.9.700.20240602-2313\jars\guice-5.1.0.jar
2024-11-18 23:17:09,373 [Worker-10: Launching mavenrun-359d102b-806f-4403-b8d7-0a71e392050d] INFO  o.eclipse.m2e.core.internal.Bundles - 	Entry: E:\eclipse\plugins\org.eclipse.m2e.maven.runtime_3.9.700.20240602-2313\jars\httpclient-4.5.14.jar
2024-11-18 23:17:09,373 [Worker-10: Launching mavenrun-359d102b-806f-4403-b8d7-0a71e392050d] INFO  o.eclipse.m2e.core.internal.Bundles - 	Entry: E:\eclipse\plugins\org.eclipse.m2e.maven.runtime_3.9.700.20240602-2313\jars\httpcore-4.4.16.jar
2024-11-18 23:17:09,373 [Worker-10: Launching mavenrun-359d102b-806f-4403-b8d7-0a71e392050d] INFO  o.eclipse.m2e.core.internal.Bundles - 	Entry: E:\eclipse\plugins\org.eclipse.m2e.maven.runtime_3.9.700.20240602-2313\jars\jansi-2.4.1.jar
2024-11-18 23:17:09,373 [Worker-10: Launching mavenrun-359d102b-806f-4403-b8d7-0a71e392050d] INFO  o.eclipse.m2e.core.internal.Bundles - 	Entry: E:\eclipse\plugins\org.eclipse.m2e.maven.runtime_3.9.700.20240602-2313\jars\jcl-over-slf4j-1.7.36.jar
2024-11-18 23:17:09,374 [Worker-10: Launching mavenrun-359d102b-806f-4403-b8d7-0a71e392050d] INFO  o.eclipse.m2e.core.internal.Bundles - 	Entry: E:\eclipse\plugins\org.eclipse.m2e.maven.runtime_3.9.700.20240602-2313\jars\maven-artifact-3.9.7.jar
2024-11-18 23:17:09,374 [Worker-10: Launching mavenrun-359d102b-806f-4403-b8d7-0a71e392050d] INFO  o.eclipse.m2e.core.internal.Bundles - 	Entry: E:\eclipse\plugins\org.eclipse.m2e.maven.runtime_3.9.700.20240602-2313\jars\maven-builder-support-3.9.7.jar
2024-11-18 23:17:09,374 [Worker-10: Launching mavenrun-359d102b-806f-4403-b8d7-0a71e392050d] INFO  o.eclipse.m2e.core.internal.Bundles - 	Entry: E:\eclipse\plugins\org.eclipse.m2e.maven.runtime_3.9.700.20240602-2313\jars\maven-compat-3.9.7.jar
2024-11-18 23:17:09,374 [Worker-10: Launching mavenrun-359d102b-806f-4403-b8d7-0a71e392050d] INFO  o.eclipse.m2e.core.internal.Bundles - 	Entry: E:\eclipse\plugins\org.eclipse.m2e.maven.runtime_3.9.700.20240602-2313\jars\maven-core-3.9.7.jar
2024-11-18 23:17:09,374 [Worker-10: Launching mavenrun-359d102b-806f-4403-b8d7-0a71e392050d] INFO  o.eclipse.m2e.core.internal.Bundles - 	Entry: E:\eclipse\plugins\org.eclipse.m2e.maven.runtime_3.9.700.20240602-2313\jars\maven-embedder-3.9.7.jar
2024-11-18 23:17:09,374 [Worker-10: Launching mavenrun-359d102b-806f-4403-b8d7-0a71e392050d] INFO  o.eclipse.m2e.core.internal.Bundles - 	Entry: E:\eclipse\plugins\org.eclipse.m2e.maven.runtime_3.9.700.20240602-2313\jars\maven-model-3.9.7.jar
2024-11-18 23:17:09,374 [Worker-10: Launching mavenrun-359d102b-806f-4403-b8d7-0a71e392050d] INFO  o.eclipse.m2e.core.internal.Bundles - 	Entry: E:\eclipse\plugins\org.eclipse.m2e.maven.runtime_3.9.700.20240602-2313\jars\maven-model-builder-3.9.7.jar
2024-11-18 23:17:09,374 [Worker-10: Launching mavenrun-359d102b-806f-4403-b8d7-0a71e392050d] INFO  o.eclipse.m2e.core.internal.Bundles - 	Entry: E:\eclipse\plugins\org.eclipse.m2e.maven.runtime_3.9.700.20240602-2313\jars\maven-plugin-api-3.9.7.jar
2024-11-18 23:17:09,374 [Worker-10: Launching mavenrun-359d102b-806f-4403-b8d7-0a71e392050d] INFO  o.eclipse.m2e.core.internal.Bundles - 	Entry: E:\eclipse\plugins\org.eclipse.m2e.maven.runtime_3.9.700.20240602-2313\jars\maven-repository-metadata-3.9.7.jar
2024-11-18 23:17:09,374 [Worker-10: Launching mavenrun-359d102b-806f-4403-b8d7-0a71e392050d] INFO  o.eclipse.m2e.core.internal.Bundles - 	Entry: E:\eclipse\plugins\org.eclipse.m2e.maven.runtime_3.9.700.20240602-2313\jars\maven-resolver-api-1.9.20.jar
2024-11-18 23:17:09,374 [Worker-10: Launching mavenrun-359d102b-806f-4403-b8d7-0a71e392050d] INFO  o.eclipse.m2e.core.internal.Bundles - 	Entry: E:\eclipse\plugins\org.eclipse.m2e.maven.runtime_3.9.700.20240602-2313\jars\maven-resolver-connector-basic-1.9.20.jar
2024-11-18 23:17:09,374 [Worker-10: Launching mavenrun-359d102b-806f-4403-b8d7-0a71e392050d] INFO  o.eclipse.m2e.core.internal.Bundles - 	Entry: E:\eclipse\plugins\org.eclipse.m2e.maven.runtime_3.9.700.20240602-2313\jars\maven-resolver-impl-1.9.20.jar
2024-11-18 23:17:09,374 [Worker-10: Launching mavenrun-359d102b-806f-4403-b8d7-0a71e392050d] INFO  o.eclipse.m2e.core.internal.Bundles - 	Entry: E:\eclipse\plugins\org.eclipse.m2e.maven.runtime_3.9.700.20240602-2313\jars\maven-resolver-named-locks-1.9.20.jar
2024-11-18 23:17:09,375 [Worker-10: Launching mavenrun-359d102b-806f-4403-b8d7-0a71e392050d] INFO  o.eclipse.m2e.core.internal.Bundles - 	Entry: E:\eclipse\plugins\org.eclipse.m2e.maven.runtime_3.9.700.20240602-2313\jars\maven-resolver-provider-3.9.7.jar
2024-11-18 23:17:09,375 [Worker-10: Launching mavenrun-359d102b-806f-4403-b8d7-0a71e392050d] INFO  o.eclipse.m2e.core.internal.Bundles - 	Entry: E:\eclipse\plugins\org.eclipse.m2e.maven.runtime_3.9.700.20240602-2313\jars\maven-resolver-spi-1.9.20.jar
2024-11-18 23:17:09,375 [Worker-10: Launching mavenrun-359d102b-806f-4403-b8d7-0a71e392050d] INFO  o.eclipse.m2e.core.internal.Bundles - 	Entry: E:\eclipse\plugins\org.eclipse.m2e.maven.runtime_3.9.700.20240602-2313\jars\maven-resolver-transport-file-1.9.20.jar
2024-11-18 23:17:09,375 [Worker-10: Launching mavenrun-359d102b-806f-4403-b8d7-0a71e392050d] INFO  o.eclipse.m2e.core.internal.Bundles - 	Entry: E:\eclipse\plugins\org.eclipse.m2e.maven.runtime_3.9.700.20240602-2313\jars\maven-resolver-transport-http-1.9.20.jar
2024-11-18 23:17:09,375 [Worker-10: Launching mavenrun-359d102b-806f-4403-b8d7-0a71e392050d] INFO  o.eclipse.m2e.core.internal.Bundles - 	Entry: E:\eclipse\plugins\org.eclipse.m2e.maven.runtime_3.9.700.20240602-2313\jars\maven-resolver-transport-wagon-1.9.20.jar
2024-11-18 23:17:09,375 [Worker-10: Launching mavenrun-359d102b-806f-4403-b8d7-0a71e392050d] INFO  o.eclipse.m2e.core.internal.Bundles - 	Entry: E:\eclipse\plugins\org.eclipse.m2e.maven.runtime_3.9.700.20240602-2313\jars\maven-resolver-util-1.9.20.jar
2024-11-18 23:17:09,375 [Worker-10: Launching mavenrun-359d102b-806f-4403-b8d7-0a71e392050d] INFO  o.eclipse.m2e.core.internal.Bundles - 	Entry: E:\eclipse\plugins\org.eclipse.m2e.maven.runtime_3.9.700.20240602-2313\jars\maven-settings-3.9.7.jar
2024-11-18 23:17:09,375 [Worker-10: Launching mavenrun-359d102b-806f-4403-b8d7-0a71e392050d] INFO  o.eclipse.m2e.core.internal.Bundles - 	Entry: E:\eclipse\plugins\org.eclipse.m2e.maven.runtime_3.9.700.20240602-2313\jars\maven-settings-builder-3.9.7.jar
2024-11-18 23:17:09,375 [Worker-10: Launching mavenrun-359d102b-806f-4403-b8d7-0a71e392050d] INFO  o.eclipse.m2e.core.internal.Bundles - 	Entry: E:\eclipse\plugins\org.eclipse.m2e.maven.runtime_3.9.700.20240602-2313\jars\maven-shared-utils-3.4.2.jar
2024-11-18 23:17:09,375 [Worker-10: Launching mavenrun-359d102b-806f-4403-b8d7-0a71e392050d] INFO  o.eclipse.m2e.core.internal.Bundles - 	Entry: E:\eclipse\plugins\org.eclipse.m2e.maven.runtime_3.9.700.20240602-2313\jars\org.eclipse.sisu.inject-0.9.0.M2.jar
2024-11-18 23:17:09,375 [Worker-10: Launching mavenrun-359d102b-806f-4403-b8d7-0a71e392050d] INFO  o.eclipse.m2e.core.internal.Bundles - 	Entry: E:\eclipse\plugins\org.eclipse.m2e.maven.runtime_3.9.700.20240602-2313\jars\org.eclipse.sisu.plexus-0.9.0.M2.jar
2024-11-18 23:17:09,375 [Worker-10: Launching mavenrun-359d102b-806f-4403-b8d7-0a71e392050d] INFO  o.eclipse.m2e.core.internal.Bundles - 	Entry: E:\eclipse\plugins\org.eclipse.m2e.maven.runtime_3.9.700.20240602-2313\jars\plexus-build-api-0.0.7.jar
2024-11-18 23:17:09,375 [Worker-10: Launching mavenrun-359d102b-806f-4403-b8d7-0a71e392050d] INFO  o.eclipse.m2e.core.internal.Bundles - 	Entry: E:\eclipse\plugins\org.eclipse.m2e.maven.runtime_3.9.700.20240602-2313\jars\plexus-build-api-1.2.0.jar
2024-11-18 23:17:09,375 [Worker-10: Launching mavenrun-359d102b-806f-4403-b8d7-0a71e392050d] INFO  o.eclipse.m2e.core.internal.Bundles - 	Entry: E:\eclipse\plugins\org.eclipse.m2e.maven.runtime_3.9.700.20240602-2313\jars\plexus-cipher-2.0.jar
2024-11-18 23:17:09,375 [Worker-10: Launching mavenrun-359d102b-806f-4403-b8d7-0a71e392050d] INFO  o.eclipse.m2e.core.internal.Bundles - 	Entry: E:\eclipse\plugins\org.eclipse.m2e.maven.runtime_3.9.700.20240602-2313\jars\plexus-classworlds-2.8.0.jar
2024-11-18 23:17:09,375 [Worker-10: Launching mavenrun-359d102b-806f-4403-b8d7-0a71e392050d] INFO  o.eclipse.m2e.core.internal.Bundles - 	Entry: E:\eclipse\plugins\org.eclipse.m2e.maven.runtime_3.9.700.20240602-2313\jars\plexus-component-annotations-2.1.0.jar
2024-11-18 23:17:09,375 [Worker-10: Launching mavenrun-359d102b-806f-4403-b8d7-0a71e392050d] INFO  o.eclipse.m2e.core.internal.Bundles - 	Entry: E:\eclipse\plugins\org.eclipse.m2e.maven.runtime_3.9.700.20240602-2313\jars\plexus-interpolation-1.27.jar
2024-11-18 23:17:09,375 [Worker-10: Launching mavenrun-359d102b-806f-4403-b8d7-0a71e392050d] INFO  o.eclipse.m2e.core.internal.Bundles - 	Entry: E:\eclipse\plugins\org.eclipse.m2e.maven.runtime_3.9.700.20240602-2313\jars\plexus-sec-dispatcher-2.0.jar
2024-11-18 23:17:09,376 [Worker-10: Launching mavenrun-359d102b-806f-4403-b8d7-0a71e392050d] INFO  o.eclipse.m2e.core.internal.Bundles - 	Entry: E:\eclipse\plugins\org.eclipse.m2e.maven.runtime_3.9.700.20240602-2313\jars\plexus-utils-3.5.1.jar
2024-11-18 23:17:09,376 [Worker-10: Launching mavenrun-359d102b-806f-4403-b8d7-0a71e392050d] INFO  o.eclipse.m2e.core.internal.Bundles - 	Entry: E:\eclipse\plugins\org.eclipse.m2e.maven.runtime_3.9.700.20240602-2313\jars\wagon-file-3.5.3.jar
2024-11-18 23:17:09,376 [Worker-10: Launching mavenrun-359d102b-806f-4403-b8d7-0a71e392050d] INFO  o.eclipse.m2e.core.internal.Bundles - 	Entry: E:\eclipse\plugins\org.eclipse.m2e.maven.runtime_3.9.700.20240602-2313\jars\wagon-http-3.5.3.jar
2024-11-18 23:17:09,376 [Worker-10: Launching mavenrun-359d102b-806f-4403-b8d7-0a71e392050d] INFO  o.eclipse.m2e.core.internal.Bundles - 	Entry: E:\eclipse\plugins\org.eclipse.m2e.maven.runtime_3.9.700.20240602-2313\jars\wagon-http-shared-3.5.3.jar
2024-11-18 23:17:09,376 [Worker-10: Launching mavenrun-359d102b-806f-4403-b8d7-0a71e392050d] INFO  o.eclipse.m2e.core.internal.Bundles - 	Entry: E:\eclipse\plugins\org.eclipse.m2e.maven.runtime_3.9.700.20240602-2313\jars\wagon-provider-api-3.5.3.jar
2024-11-18 23:17:09,378 [Worker-10: Launching mavenrun-359d102b-806f-4403-b8d7-0a71e392050d] INFO  o.eclipse.m2e.core.internal.Bundles - getClasspathEntries(Bundle=com.google.guava_33.2.0.jre [16])
2024-11-18 23:17:09,378 [Worker-10: Launching mavenrun-359d102b-806f-4403-b8d7-0a71e392050d] INFO  o.eclipse.m2e.core.internal.Bundles - 	Entry: E:\eclipse\plugins\com.google.guava_33.2.0.jre.jar
2024-11-18 23:17:09,378 [Worker-10: Launching mavenrun-359d102b-806f-4403-b8d7-0a71e392050d] INFO  o.eclipse.m2e.core.internal.Bundles - getClasspathEntries(Bundle=slf4j.api_2.0.13 [1010])
2024-11-18 23:17:09,378 [Worker-10: Launching mavenrun-359d102b-806f-4403-b8d7-0a71e392050d] INFO  o.eclipse.m2e.core.internal.Bundles - 	Entry: E:\eclipse\plugins\slf4j.api_2.0.13.jar
2024-11-18 23:17:09,378 [Worker-10: Launching mavenrun-359d102b-806f-4403-b8d7-0a71e392050d] INFO  o.eclipse.m2e.core.internal.Bundles - getClasspathEntries(Bundle=jakarta.inject.jakarta.inject-api_1.0.5 [33])
2024-11-18 23:17:09,378 [Worker-10: Launching mavenrun-359d102b-806f-4403-b8d7-0a71e392050d] INFO  o.eclipse.m2e.core.internal.Bundles - 	Entry: E:\eclipse\plugins\jakarta.inject.jakarta.inject-api_1.0.5.jar
2024-11-18 23:17:09,378 [Worker-10: Launching mavenrun-359d102b-806f-4403-b8d7-0a71e392050d] INFO  o.eclipse.m2e.core.internal.Bundles - getClasspathEntries(Bundle=javax.annotation_1.3.5.v20200909-1856 [44])
2024-11-18 23:17:09,379 [Worker-10: Launching mavenrun-359d102b-806f-4403-b8d7-0a71e392050d] INFO  o.eclipse.m2e.core.internal.Bundles - 	Entry: E:\eclipse\plugins\javax.annotation_1.3.5.v20200909-1856.jar
2024-11-18 23:17:09,379 [Worker-10: Launching mavenrun-359d102b-806f-4403-b8d7-0a71e392050d] INFO  o.eclipse.m2e.core.internal.Bundles - getClasspathEntries(Bundle=org.apache.commons.cli_1.8.0 [78])
2024-11-18 23:17:09,379 [Worker-10: Launching mavenrun-359d102b-806f-4403-b8d7-0a71e392050d] INFO  o.eclipse.m2e.core.internal.Bundles - 	Entry: E:\eclipse\plugins\org.apache.commons.cli_1.8.0.jar
2024-11-18 23:17:09,379 [Worker-10: Launching mavenrun-359d102b-806f-4403-b8d7-0a71e392050d] INFO  o.eclipse.m2e.core.internal.Bundles - getClasspathEntries(Bundle=org.apache.commons.commons-codec_1.16.0 [81])
2024-11-18 23:17:09,379 [Worker-10: Launching mavenrun-359d102b-806f-4403-b8d7-0a71e392050d] INFO  o.eclipse.m2e.core.internal.Bundles - 	Entry: E:\eclipse\plugins\org.apache.commons.commons-codec_1.16.0.jar
2024-11-18 23:17:09,379 [Worker-10: Launching mavenrun-359d102b-806f-4403-b8d7-0a71e392050d] INFO  o.eclipse.m2e.core.internal.Bundles - getClasspathEntries(Bundle=org.apache.commons.lang3_3.14.0 [89])
2024-11-18 23:17:09,379 [Worker-10: Launching mavenrun-359d102b-806f-4403-b8d7-0a71e392050d] INFO  o.eclipse.m2e.core.internal.Bundles - 	Entry: E:\eclipse\plugins\org.apache.commons.lang3_3.14.0.jar
2024-11-18 23:17:09,379 [Worker-10: Launching mavenrun-359d102b-806f-4403-b8d7-0a71e392050d] INFO  o.eclipse.m2e.core.internal.Bundles - getClasspathEntries(Bundle=com.google.guava.failureaccess_1.0.2 [17])
2024-11-18 23:17:09,379 [Worker-10: Launching mavenrun-359d102b-806f-4403-b8d7-0a71e392050d] INFO  o.eclipse.m2e.core.internal.Bundles - 	Entry: E:\eclipse\plugins\com.google.guava.failureaccess_1.0.2.jar
2024-11-18 23:17:09,382 [Worker-10: Launching mavenrun-359d102b-806f-4403-b8d7-0a71e392050d] INFO  o.e.m.i.launch.MavenLaunchDelegate - Run build in "C:\Users\deept\AppData\Local\Temp\m2e-archetypeGenerator5676278132692592943":
2024-11-18 23:17:09,386 [Worker-10: Launching mavenrun-359d102b-806f-4403-b8d7-0a71e392050d] INFO  o.e.m.i.launch.MavenLaunchDelegate -  mvn  -DarchetypeGroupId=org.apache.maven.archetypes -DarchetypeArtifactId=maven-archetype-quickstart -DarchetypeVersion=1.1 -DgroupId=SCore_2_List -DartifactId=SCore_2_List -Dversion=0.0.1-SNAPSHOT -Dpackage=com.mypackage -DoutputDirectory="E:\8. Spring" -Dstyle.color=always -U archetype:generate
2024-11-18 23:17:30,816 [Worker-11: Creating maven-archetype-quickstart] INFO  o.e.m.c.i.p.ProjectConfigurationManager - Collecting project info '/pom.xml' E:\8. Spring\SCore_2_List\pom.xml
2024-11-18 23:17:31,435 [Worker-11: Creating maven-archetype-quickstart] INFO  o.e.m.c.i.l.LifecycleMappingFactory - Using org.eclipse.m2e.jdt.JarLifecycleMapping lifecycle mapping for MavenProject: SCore_2_List:SCore_2_List:0.0.1-SNAPSHOT @ E:\8. Spring\SCore_2_List\pom.xml.
2024-11-18 23:17:32,080 [Worker-11: Creating maven-archetype-quickstart] INFO  o.e.m.j.i.AbstractJavaProjectConfigurator - Adding source folder /SCore_2_List/src/main/java
2024-11-18 23:17:32,081 [Worker-11: Creating maven-archetype-quickstart] INFO  o.e.m.j.i.AbstractJavaProjectConfigurator - Adding resource folder /SCore_2_List/src/main/resources
2024-11-18 23:17:32,083 [Worker-11: Creating maven-archetype-quickstart] INFO  o.e.m.j.i.AbstractJavaProjectConfigurator - Adding source folder /SCore_2_List/src/test/java
2024-11-18 23:17:32,084 [Worker-11: Creating maven-archetype-quickstart] INFO  o.e.m.j.i.AbstractJavaProjectConfigurator - Adding resource folder /SCore_2_List/src/test/resources
2024-11-18 23:17:32,138 [Worker-11: Creating maven-archetype-quickstart] INFO  o.e.m.c.i.p.ProjectConfigurationManager - Imported and configured 1 project(s) in 1 sec
2024-11-18 23:17:32,679 [Worker-5: Building] INFO  o.a.m.s.f.DefaultMavenResourcesFiltering - skip non existing resourceDirectory E:\8. Spring\SCore_1\src\main\resources
2024-11-18 23:17:32,687 [Worker-5: Building] INFO  o.a.m.s.f.DefaultMavenResourcesFiltering - skip non existing resourceDirectory E:\8. Spring\SCore_1\src\test\resources
2024-11-18 23:17:33,107 [Worker-5: Building] INFO  o.a.m.s.f.DefaultMavenResourcesFiltering - skip non existing resourceDirectory E:\8. Spring\SCore_2_List\src\main\resources
2024-11-18 23:17:33,111 [Worker-5: Building] INFO  o.a.m.s.f.DefaultMavenResourcesFiltering - skip non existing resourceDirectory E:\8. Spring\SCore_2_List\src\test\resources
2024-11-18 23:18:30,943 [Worker-9: Building] INFO  o.a.m.s.f.DefaultMavenResourcesFiltering - skip non existing resourceDirectory E:\8. Spring\SCore_2_List\src\main\resources
2024-11-18 23:18:30,946 [Worker-9: Building] INFO  o.a.m.s.f.DefaultMavenResourcesFiltering - skip non existing resourceDirectory E:\8. Spring\SCore_2_List\src\test\resources
2024-11-18 23:18:47,328 [Worker-11: Building] INFO  o.a.m.s.f.DefaultMavenResourcesFiltering - skip non existing resourceDirectory E:\8. Spring\SCore_2_List\src\main\resources
2024-11-18 23:18:47,330 [Worker-11: Building] INFO  o.a.m.s.f.DefaultMavenResourcesFiltering - skip non existing resourceDirectory E:\8. Spring\SCore_2_List\src\test\resources
2024-11-18 23:18:56,728 [Worker-11: Building] INFO  o.e.m.c.i.l.LifecycleMappingFactory - Using org.eclipse.m2e.jdt.JarLifecycleMapping lifecycle mapping for MavenProject: SCore_2_List:SCore_2_List:0.0.1-SNAPSHOT @ E:\8. Spring\SCore_2_List\pom.xml.
2024-11-18 23:18:56,798 [Worker-11: Building] INFO  o.a.m.s.f.DefaultMavenResourcesFiltering - skip non existing resourceDirectory E:\8. Spring\SCore_2_List\src\main\resources
2024-11-18 23:18:56,801 [Worker-11: Building] INFO  o.a.m.s.f.DefaultMavenResourcesFiltering - skip non existing resourceDirectory E:\8. Spring\SCore_2_List\src\test\resources
2024-11-18 23:18:58,018 [Worker-4: Building] INFO  o.a.m.s.f.DefaultMavenResourcesFiltering - skip non existing resourceDirectory E:\8. Spring\SCore_2_List\src\main\resources
2024-11-18 23:18:58,020 [Worker-4: Building] INFO  o.a.m.s.f.DefaultMavenResourcesFiltering - skip non existing resourceDirectory E:\8. Spring\SCore_2_List\src\test\resources
2024-11-18 23:21:09,066 [Worker-11: Building] INFO  o.a.m.s.f.DefaultMavenResourcesFiltering - skip non existing resourceDirectory E:\8. Spring\SCore_2_List\src\main\resources
2024-11-18 23:21:09,068 [Worker-11: Building] INFO  o.a.m.s.f.DefaultMavenResourcesFiltering - skip non existing resourceDirectory E:\8. Spring\SCore_2_List\src\test\resources
2024-11-18 23:21:47,127 [Worker-1: Building] INFO  o.a.m.s.f.DefaultMavenResourcesFiltering - skip non existing resourceDirectory E:\8. Spring\SCore_2_List\src\main\resources
2024-11-18 23:21:47,130 [Worker-1: Building] INFO  o.a.m.s.f.DefaultMavenResourcesFiltering - skip non existing resourceDirectory E:\8. Spring\SCore_2_List\src\test\resources
2024-11-18 23:23:58,476 [Worker-9: Building] INFO  o.a.m.s.f.DefaultMavenResourcesFiltering - skip non existing resourceDirectory E:\8. Spring\SCore_2_List\src\main\resources
2024-11-18 23:23:58,479 [Worker-9: Building] INFO  o.a.m.s.f.DefaultMavenResourcesFiltering - skip non existing resourceDirectory E:\8. Spring\SCore_2_List\src\test\resources
2024-11-18 23:27:23,021 [Worker-1: Building] INFO  o.a.m.s.f.DefaultMavenResourcesFiltering - skip non existing resourceDirectory E:\8. Spring\SCore_2_List\src\main\resources
2024-11-18 23:27:23,023 [Worker-1: Building] INFO  o.a.m.s.f.DefaultMavenResourcesFiltering - skip non existing resourceDirectory E:\8. Spring\SCore_2_List\src\test\resources
2024-11-18 23:28:50,345 [Worker-1: Building] INFO  o.a.m.s.f.DefaultMavenResourcesFiltering - skip non existing resourceDirectory E:\8. Spring\SCore_2_List\src\main\resources
2024-11-18 23:28:50,349 [Worker-1: Building] INFO  o.a.m.s.f.DefaultMavenResourcesFiltering - skip non existing resourceDirectory E:\8. Spring\SCore_2_List\src\test\resources
2024-11-19 11:48:08,833 [Worker-0: Loading available Gradle versions] INFO  o.e.b.c.i.u.g.PublishedGradleVersions - Gradle version information cache is up-to-date. Trying to read.
2024-11-19 11:58:48,574 [Worker-14: Building] INFO  o.a.m.s.f.DefaultMavenResourcesFiltering - skip non existing resourceDirectory E:\8. Spring\SCore_2_List\src\main\resources
2024-11-19 11:58:48,582 [Worker-14: Building] INFO  o.a.m.s.f.DefaultMavenResourcesFiltering - skip non existing resourceDirectory E:\8. Spring\SCore_2_List\src\test\resources
2024-11-19 12:03:44,068 [Worker-15: Building] INFO  o.a.m.s.f.DefaultMavenResourcesFiltering - skip non existing resourceDirectory E:\8. Spring\SCore_2_List\src\main\resources
2024-11-19 12:03:44,071 [Worker-15: Building] INFO  o.a.m.s.f.DefaultMavenResourcesFiltering - skip non existing resourceDirectory E:\8. Spring\SCore_2_List\src\test\resources
